<?xml version="1.0" encoding="UTF-8"?>
<!-- Generated by org.testng.reporters.JUnitXMLReporter -->
<testsuite hostname="Khakimau-V" ignored="0" name="BookingHotelsTests" tests="3" failures="1" timestamp="24 мая 2019 07:04:50 GMT" time="15.833" errors="0">
  <testcase name="loginTest" time="15.111" classname="tests.MainTests">
    <failure type="java.lang.AssertionError" message="expected [true] but found [false]">
      <![CDATA[java.lang.AssertionError: expected [true] but found [false]
at tests.MainTests.loginTest(MainTests.java:27)
... Removed 33 stack frames]]>
    </failure>
  </testcase> <!-- loginTest -->
  <testcase name="sendMail" time="0.0" classname="tests.MainTests">
    <skipped/>
  </testcase> <!-- sendMail -->
  <testcase name="deleteMail" time="0.0" classname="tests.MainTests">
    <skipped/>
  </testcase> <!-- deleteMail -->
</testsuite> <!-- BookingHotelsTests -->
